<?xml version="1.0" encoding="utf-8"?><testsuites><testsuite name="pytest" errors="1" failures="0" skipped="0" tests="1" time="0.124" timestamp="2024-11-09T13:18:43.920659" hostname="Jacks-MBP.localdomain"><testcase classname="" name="tests.integration_tests.integration_test_psnawp_api.models.test_user" time="0.000"><error message="collection failure">ImportError while importing test module '/Users/jack/Source/psnawp/tests/integration_tests/integration_test_psnawp_api/models/test_user.py'.
Hint: make sure your test modules/packages have valid Python names.
Traceback:
/opt/homebrew/Cellar/python@3.12/3.12.7_1/Frameworks/Python.framework/Versions/3.12/lib/python3.12/importlib/__init__.py:90: in import_module
    return _bootstrap._gcd_import(name[level:], package, level)
tests/integration_tests/integration_test_psnawp_api/models/test_user.py:4: in &lt;module&gt;
    import jsonschema
E   ModuleNotFoundError: No module named 'jsonschema'</error></testcase></testsuite></testsuites>